C51 COMPILER V9.00   LCD                                                                   06/02/2015 12:02:08 PAGE 1   


C51 COMPILER V9.00, COMPILATION OF MODULE LCD
OBJECT MODULE PLACED IN lcd.OBJ
COMPILER INVOKED BY: C:\Keil\C51\BIN\C51.EXE lcd.c BROWSE DEBUG OBJECTEXTEND

line level    source

   1          #include<reg51.h>
   2          #include "delay.h"
   3          #define lcdd P2
   4          sbit rs=P3^7;
   5          sbit rw=P3^6;
   6          sbit e=P3^5;
   7          void lcd_cmdwrite(char cmd)
   8          {
   9   1              lcdd=cmd;
  10   1              rs=0;
  11   1              rw=0;
  12   1              e=1;
  13   1              delay_us(10);
  14   1              e=0;
  15   1              delay_ms(1);
  16   1      }
  17          
  18          
  19          
  20          
  21          void lcd_datawrite(char dat)
  22          {
  23   1              lcdd=dat;
  24   1              rs=1; 
  25   1              rw=0;
  26   1              e=1;
  27   1              delay_us(10);
  28   1              e=0;
  29   1              delay_ms(1);
  30   1       }
  31          
  32          void lcd_strwrite(char s[100])
  33          {
  34   1              int i;
  35   1              for(i=0;s[i]!='\0';i++)
  36   1                         lcd_datawrite(s[i]);
  37   1      }
  38          void lcd_init()
  39          {
  40   1              lcd_cmdwrite(0x38);
  41   1              lcd_cmdwrite(0x0e);
  42   1              lcd_cmdwrite(0x01);
  43   1              lcd_cmdwrite(0x80);
  44   1      }
  45          void lcd_clear()
  46          {
  47   1              lcd_cmdwrite(0x01);
  48   1              lcd_cmdwrite(0x80);
  49   1      }


MODULE INFORMATION:   STATIC OVERLAYABLE
   CODE SIZE        =    121    ----
   CONSTANT SIZE    =   ----    ----
   XDATA SIZE       =   ----    ----
C51 COMPILER V9.00   LCD                                                                   06/02/2015 12:02:08 PAGE 2   

   PDATA SIZE       =   ----    ----
   DATA SIZE        =   ----       5
   IDATA SIZE       =   ----    ----
   BIT SIZE         =   ----    ----
END OF MODULE INFORMATION.


C51 COMPILATION COMPLETE.  0 WARNING(S),  0 ERROR(S)
