C51 COMPILER V9.00   LCDPGM                                                                05/20/2015 12:44:49 PAGE 1   


C51 COMPILER V9.00, COMPILATION OF MODULE LCDPGM
OBJECT MODULE PLACED IN .\lcdPgm.obj
COMPILER INVOKED BY: C:\Keil\C51\BIN\C51.EXE ..\lcd\lcdPgm.c BROWSE DEBUG OBJECTEXTEND PRINT(.\lcdPgm.lst) OBJECT(.\lcdP
                    -gm.obj)

line level    source

   1          #include <reg51.h>
   2          
   3          #include "lcd.h"
   4           void lcd_cmdwrite(char cmd);
   5          void lcd_datawrite(char dat);
   6          void lcd_init();
   7          void lcd_strwrite(char s[100]);
   8          void main()
   9          {       
  10   1              
  11   1              //unsigned char s[]="Hello Sujin";
  12   1              lcd_init();
  13   1              lcd_strwrite("hello");
  14   1              while(1);
  15   1      }                


MODULE INFORMATION:   STATIC OVERLAYABLE
   CODE SIZE        =     14    ----
   CONSTANT SIZE    =      6    ----
   XDATA SIZE       =   ----    ----
   PDATA SIZE       =   ----    ----
   DATA SIZE        =   ----    ----
   IDATA SIZE       =   ----    ----
   BIT SIZE         =   ----    ----
END OF MODULE INFORMATION.


C51 COMPILATION COMPLETE.  0 WARNING(S),  0 ERROR(S)
